<?xml version="1.0" encoding="UTF-8"?>
<!-- Generated by org.testng.reporters.JUnitReportReporter -->
<testsuite hostname="EERO" failures="0" tests="1" name="Project2.ExtentReportTest" time="3.564" errors="0" timestamp="2024-02-05T20:57:37 IST" skipped="0">
  <testcase classname="Project2.ExtentReportTest" name="initiation" time="3.564"/>
  <system-out/>
</testsuite> <!-- Project2.ExtentReportTest -->
