<?xml version="1.0" encoding="UTF-8"?>
<!-- Generated by org.testng.reporters.JUnitReportReporter -->
<testsuite hostname="EERO" failures="0" tests="1" name="Project2.StreamPractice" time="0.163" errors="0" timestamp="2023-12-26T15:10:56 IST" skipped="0">
  <testcase classname="Project2.StreamPractice" name="practice" time="0.163"/>
  <system-out/>
</testsuite> <!-- Project2.StreamPractice -->
