<?xml version="1.0" encoding="UTF-8"?>
<!-- Generated by org.testng.reporters.JUnitReportReporter -->
<testsuite hostname="EERO" failures="0" tests="2" name="Project1.tests.ErrorValidationTest" time="9.548" errors="0" timestamp="2024-01-18T19:55:53 IST" skipped="0">
  <testcase classname="Project1.tests.ErrorValidationTest" name="errorValidation" time="1.874"/>
  <system-out/>
  <testcase classname="Project1.tests.ErrorValidationTest" name="productErrorValidation" time="7.674"/>
  <system-out/>
</testsuite> <!-- Project1.tests.ErrorValidationTest -->
