<?xml version="1.0" encoding="UTF-8"?>
<!-- Generated by org.testng.reporters.JUnitReportReporter -->
<testsuite hostname="EERO" failures="0" tests="1" name="Project2.ProductCountsTest" time="3.452" errors="0" timestamp="2024-01-26T19:06:42 IST" skipped="0">
  <testcase classname="Project2.ProductCountsTest" name="totalNumberOfProduct" time="3.452"/>
  <system-out/>
</testsuite> <!-- Project2.ProductCountsTest -->
