<?xml version="1.0" encoding="UTF-8"?>
<!-- Generated by org.testng.reporters.JUnitReportReporter -->
<testsuite hostname="EERO" failures="0" tests="2" name="Project1.tests.SubmitOrderTest" time="17.175" errors="0" timestamp="2024-01-18T20:42:39 IST" skipped="0">
  <testcase classname="Project1.tests.SubmitOrderTest" name="submitOrder" time="9.273"/>
  <system-out/>
  <testcase classname="Project1.tests.SubmitOrderTest" name="OrderDisplay" time="7.902"/>
  <system-out/>
</testsuite> <!-- Project1.tests.SubmitOrderTest -->
